#
# A fatal error has been detected by the Java Runtime Environment:
#
#  Internal Error (0xc0000028), pid=29280, tid=0x00000000000036b8
#
# JRE version: Java(TM) SE Runtime Environment (8.0_121-b13) (build 1.8.0_121-b13)
# Java VM: Java HotSpot(TM) 64-Bit Server VM (25.121-b13 mixed mode windows-amd64 compressed oops)
# Problematic frame:
# C  [ntdll.dll+0xc8078]
#
# Failed to write core dump. Minidumps are not enabled by default on client versions of Windows
#
# If you would like to submit a bug report, please visit:
#   http://bugreport.java.com/bugreport/crash.jsp
# The crash happened outside the Java Virtual Machine in native code.
# See problematic frame for where to report the bug.
#

---------------  T H R E A D  ---------------

Current thread (0x000000004bf68800):  JavaThread "Thread-3" [_thread_in_native, id=14008, stack(0x0000000050cf0000,0x00000000520f0000)]

siginfo: ExceptionCode=0xc0000028

Registers:
RAX=0x0000000000000018, RBX=0x00000000c0000028, RCX=0x00000000520e9dd0, RDX=0x000000007712e384
RSP=0x00000000520e9d10, RBP=0x00000000520ea430, RSI=0x00000000520ea9b0, RDI=0x00000000520e5000
R8 =0x0000000000000000, R9 =0x0000000077010000, R10=0x0000000000000000, R11=0x00000000520ea530
R12=0x00000000520ea2b0, R13=0x0000000002633d38, R14=0x0000000077027a10, R15=0x000000007714d958
RIP=0x00000000770d8078, EFLAGS=0x0000000000000202

Top of Stack: (sp=0x00000000520e9d10)
0x00000000520e9d10:   00000000520e9d30 00000000520e9dd0
0x00000000520e9d20:   0000000400000001 0000000400000000
0x00000000520e9d30:   00000001c0000028 0000000000000000
0x00000000520e9d40:   00000000770d8078 0000000400000000
0x00000000520e9d50:   0000000000000000 0000000000000000
0x00000000520e9d60:   000000001d6c6728 0000000009aa9dc8
0x00000000520e9d70:   0000000000000000 000000006e44b6bc
0x00000000520e9d80:   000000006e56b530 0000000000000007
0x00000000520e9d90:   0000000000370788 000000006e56b608
0x00000000520e9da0:   000000006e56b670 000000006c7e69a1
0x00000000520e9db0:   00000000520e9e90 000000001d4b9000
0x00000000520e9dc0:   00000000520e9ea0 0000000000000013
0x00000000520e9dd0:   000007feae056f1d 0000000000000005
0x00000000520e9de0:   000007feae056f2d 000007feae056f1d
0x00000000520e9df0:   0000000000000000 00000000000004e4
0x00000000520e9e00:   00001fa00010000f 0053002b002b0033 

Instructions: (pc=0x00000000770d8078)
0x00000000770d8058:   90 90 90 90 90 90 90 90 ff f3 48 81 ec 90 05 00
0x00000000770d8068:   00 8b d9 48 8d 8c 24 c0 00 00 00 e8 f8 31 f8 ff
0x00000000770d8078:   48 8b 84 24 b8 01 00 00 33 d2 48 89 54 24 28 89
0x00000000770d8088:   54 24 38 89 5c 24 20 48 89 44 24 30 c7 44 24 24 


Register to memory mapping:

RAX=0x0000000000000018 is an unknown value
RBX=0x00000000c0000028 is an unknown value
RCX=0x00000000520e9dd0 is pointing into the stack for thread: 0x000000004bf68800
RDX=0x000000007712e384 is an unknown value
RSP=0x00000000520e9d10 is pointing into the stack for thread: 0x000000004bf68800
RBP=0x00000000520ea430 is pointing into the stack for thread: 0x000000004bf68800
RSI=0x00000000520ea9b0 is pointing into the stack for thread: 0x000000004bf68800
RDI=0x00000000520e5000 is pointing into the stack for thread: 0x000000004bf68800
R8 =0x0000000000000000 is an unknown value
R9 =0x0000000077010000 is an unknown value
R10=0x0000000000000000 is an unknown value
R11=0x00000000520ea530 is pointing into the stack for thread: 0x000000004bf68800
R12=0x00000000520ea2b0 is pointing into the stack for thread: 0x000000004bf68800
R13=0x0000000002633d38 is pointing into the stack for thread: 0x0000000022248000
R14=0x0000000077027a10 is an unknown value
R15=0x000000007714d958 is an unknown value


Stack: [0x0000000050cf0000,0x00000000520f0000],  sp=0x00000000520e9d10,  free space=20455k
Native frames: (J=compiled Java code, j=interpreted, Vv=VM code, C=native code)
C  [ntdll.dll+0xc8078]
C  [ntdll.dll+0x67eb6]
C  [msvcrt.dll+0xe5d3]
C  [R.dll+0x80127]
C  [R.dll+0x8044b]
C  [R.dll+0xc2cf4]
C  [R.dll+0xc5347]
C  [R.dll+0xc5580]
C  [R.dll+0x109444]
C  [R.dll+0xfc106]
C  [R.dll+0xfc75c]
C  [jri.dll+0x1615]
C  0x000000002304569b

Java frames: (J=compiled Java code, j=interpreted, Vv=VM code)
J 4416  org.rosuda.JRI.Rengine.rniParse(Ljava/lang/String;I)J (0 bytes) @ 0x000000002304554f [0x0000000023045500+0x4f]
J 3672 C1 org.rosuda.REngine.JRI.JRIEngine.parse(Ljava/lang/String;Z)Lorg/rosuda/REngine/REXP; (124 bytes) @ 0x0000000022963c1c [0x0000000022963b20+0xfc]
J 3671 C1 org.rosuda.REngine.REngine.parseAndEval(Ljava/lang/String;Lorg/rosuda/REngine/REXP;Z)Lorg/rosuda/REngine/REXP; (17 bytes) @ 0x0000000022a8d6dc [0x0000000022a8d5c0+0x11c]
j  org.rosuda.REngine.REngine.parseAndEval(Ljava/lang/String;)Lorg/rosuda/REngine/REXP;+4
j  org.rosuda.deducer.DefaultRConnector.idleEval(Ljava/lang/String;)Lorg/rosuda/REngine/REXP;+19
j  org.rosuda.deducer.Deducer.idleEval(Ljava/lang/String;)Lorg/rosuda/REngine/REXP;+4
j  org.rosuda.deducer.Deducer.refreshData()V+3
j  org.rosuda.deducer.Deducer$DataRefresher.run()V+6
j  java.lang.Thread.run()V+11
v  ~StubRoutines::call_stub

---------------  P R O C E S S  ---------------

Java Threads: ( => current thread )
  0x00000000610ad800 JavaThread "Thread-558" [_thread_blocked, id=6228, stack(0x000000005cb60000,0x000000005df60000)]
  0x00000000610ae000 JavaThread "Thread-557" [_thread_blocked, id=12148, stack(0x000000005b760000,0x000000005cb60000)]
  0x00000000610ab000 JavaThread "Thread-556" [_thread_blocked, id=31852, stack(0x00000000598f0000,0x000000005acf0000)]
  0x00000000610ac800 JavaThread "Thread-555" [_thread_blocked, id=7456, stack(0x00000000584f0000,0x00000000598f0000)]
  0x00000000610a6800 JavaThread "Thread-554" [_thread_blocked, id=11920, stack(0x00000000570f0000,0x00000000584f0000)]
  0x00000000610a8000 JavaThread "Thread-553" [_thread_blocked, id=36776, stack(0x0000000055cf0000,0x00000000570f0000)]
  0x00000000610ac000 JavaThread "Thread-552" [_thread_blocked, id=33036, stack(0x00000000548f0000,0x0000000055cf0000)]
  0x00000000610a9000 JavaThread "Thread-551" [_thread_blocked, id=35716, stack(0x00000000534f0000,0x00000000548f0000)]
  0x00000000610aa800 JavaThread "Thread-550" [_thread_blocked, id=20684, stack(0x00000000520f0000,0x00000000534f0000)]
  0x000000004bf27000 JavaThread "Thread-549" [_thread_blocked, id=23332, stack(0x0000000087800000,0x0000000088c00000)]
  0x000000004bf26800 JavaThread "Thread-548" [_thread_blocked, id=31272, stack(0x0000000086400000,0x0000000087800000)]
  0x000000004bf25800 JavaThread "Thread-547" [_thread_blocked, id=19272, stack(0x0000000085000000,0x0000000086400000)]
  0x000000004bf25000 JavaThread "Thread-546" [_thread_blocked, id=35792, stack(0x0000000083c00000,0x0000000085000000)]
  0x000000004bf22800 JavaThread "Thread-545" [_thread_blocked, id=24400, stack(0x0000000082800000,0x0000000083c00000)]
  0x000000004bf24000 JavaThread "Thread-544" [_thread_blocked, id=10696, stack(0x0000000081400000,0x0000000082800000)]
  0x000000004bf22000 JavaThread "Thread-543" [_thread_blocked, id=20704, stack(0x0000000080000000,0x0000000081400000)]
  0x000000004bf21000 JavaThread "Thread-542" [_thread_blocked, id=17460, stack(0x000000007d5f0000,0x000000007e9f0000)]
  0x000000004bf23800 JavaThread "Thread-541" [_thread_blocked, id=32244, stack(0x000000004daa0000,0x000000004eea0000)]
  0x00000000610a9800 JavaThread "TimerQueue" daemon [_thread_blocked, id=27996, stack(0x0000000091800000,0x0000000092c00000)]
=>0x000000004bf68800 JavaThread "Thread-3" [_thread_in_native, id=14008, stack(0x0000000050cf0000,0x00000000520f0000)]
  0x000000003e893800 JavaThread "AWT-Windows" daemon [_thread_in_native, id=27052, stack(0x000000004eea0000,0x00000000502a0000)]
  0x000000004bf18000 JavaThread "Java2D Disposer" daemon [_thread_blocked, id=12872, stack(0x000000004c6a0000,0x000000004daa0000)]
  0x000000003e842000 JavaThread "Service Thread" daemon [_thread_blocked, id=11120, stack(0x00000000496a0000,0x000000004aaa0000)]
  0x000000003e7bc800 JavaThread "C1 CompilerThread3" daemon [_thread_blocked, id=26720, stack(0x00000000482a0000,0x00000000496a0000)]
  0x000000003e7b3800 JavaThread "C2 CompilerThread2" daemon [_thread_blocked, id=30564, stack(0x0000000046ea0000,0x00000000482a0000)]
  0x000000003e7ab000 JavaThread "C2 CompilerThread1" daemon [_thread_blocked, id=1404, stack(0x0000000045aa0000,0x0000000046ea0000)]
  0x000000003e7a7000 JavaThread "C2 CompilerThread0" daemon [_thread_blocked, id=30640, stack(0x00000000446a0000,0x0000000045aa0000)]
  0x000000003e7a3800 JavaThread "Attach Listener" daemon [_thread_blocked, id=34756, stack(0x00000000432a0000,0x00000000446a0000)]
  0x0000000036bcf000 JavaThread "Finalizer" daemon [_thread_blocked, id=26284, stack(0x0000000041ea0000,0x00000000432a0000)]
  0x0000000036bc8800 JavaThread "Reference Handler" daemon [_thread_blocked, id=9872, stack(0x0000000040aa0000,0x0000000041ea0000)]
  0x0000000022248000 JavaThread "main" [_thread_in_native, id=12660, stack(0x0000000001240000,0x0000000002640000)]

Other Threads:
  0x000000003e752800 VMThread [stack: 0x000000003f6a0000,0x0000000040aa0000] [id=27516]
  0x000000003e852000 WatcherThread [stack: 0x000000004aaa0000,0x000000004bea0000] [id=28856]

VM state:not at safepoint (normal execution)

VM Mutex/Monitor currently owned by a thread: None

Heap:
 PSYoungGen      total 76288K, used 47926K [0x00000000f5580000, 0x00000000faa80000, 0x0000000100000000)
  eden space 65536K, 56% used [0x00000000f5580000,0x00000000f79ced40,0x00000000f9580000)
  from space 10752K, 99% used [0x00000000f9580000,0x00000000f9ffec40,0x00000000fa000000)
  to   space 10752K, 0% used [0x00000000fa000000,0x00000000fa000000,0x00000000faa80000)
 ParOldGen       total 175104K, used 1315K [0x00000000e0000000, 0x00000000eab00000, 0x00000000f5580000)
  object space 175104K, 0% used [0x00000000e0000000,0x00000000e0148eb8,0x00000000eab00000)
 Metaspace       used 19092K, capacity 19436K, committed 19584K, reserved 1067008K
  class space    used 2590K, capacity 2668K, committed 2688K, reserved 1048576K

Card table byte_map: [0x0000000031720000,0x0000000031830000] byte_map_base: 0x0000000031020000

Marking Bits: (ParMarkBitMap*) 0x000000005b6db6d0
 Begin Bits: [0x000000003bf00000, 0x000000003c700000)
 End Bits:   [0x000000003c700000, 0x000000003cf00000)

Polling page: 0x00000000222e0000

CodeCache: size=245760Kb used=12587Kb max_used=13125Kb free=233172Kb
 bounds [0x0000000022360000, 0x0000000023050000, 0x0000000031360000]
 total_blobs=4189 nmethods=3661 adapters=438
 compilation: enabled

Compilation events (10 events):
Event: 185.767 Thread 0x000000003e7bc800 4428   !   3       java.awt.SentEvent::dispatch (117 bytes)
Event: 185.768 Thread 0x000000003e7bc800 nmethod 4428 0x00000000228f6490 code [0x00000000228f6700, 0x00000000228f76b8]
Event: 201.768 Thread 0x000000003e7bc800 4429       3       org.rosuda.JGR.MonitoredEval::<init> (28 bytes)
Event: 201.768 Thread 0x000000003e7bc800 nmethod 4429 0x0000000022927650 code [0x00000000229277a0, 0x0000000022927970]
Event: 201.768 Thread 0x000000003e7bc800 4430   !   3       org.rosuda.JGR.MonitoredEval::run (86 bytes)
Event: 201.771 Thread 0x000000003e7bc800 nmethod 4430 0x00000000230114d0 code [0x00000000230117a0, 0x0000000023012b58]
Event: 201.771 Thread 0x000000003e7bc800 4431       3       org.rosuda.JGR.JGR::eval (29 bytes)
Event: 201.772 Thread 0x000000003e7bc800 nmethod 4431 0x000000002273a810 code [0x000000002273a9c0, 0x000000002273af48]
Event: 201.773 Thread 0x000000003e7bc800 4432       3       org.rosuda.JGR.robjects.RObject::getRName (279 bytes)
Event: 201.777 Thread 0x000000003e7bc800 nmethod 4432 0x0000000022cbd110 code [0x0000000022cbd5c0, 0x0000000022cc1c18]

GC Heap History (6 events):
Event: 50.074 GC heap before
{Heap before GC invocations=1 (full 0):
 PSYoungGen      total 76288K, used 65536K [0x00000000f5580000, 0x00000000faa80000, 0x0000000100000000)
  eden space 65536K, 100% used [0x00000000f5580000,0x00000000f9580000,0x00000000f9580000)
  from space 10752K, 0% used [0x00000000fa000000,0x00000000fa000000,0x00000000faa80000)
  to   space 10752K, 0% used [0x00000000f9580000,0x00000000f9580000,0x00000000fa000000)
 ParOldGen       total 175104K, used 0K [0x00000000e0000000, 0x00000000eab00000, 0x00000000f5580000)
  object space 175104K, 0% used [0x00000000e0000000,0x00000000e0000000,0x00000000eab00000)
 Metaspace       used 16280K, capacity 16494K, committed 16640K, reserved 1062912K
  class space    used 2223K, capacity 2300K, committed 2304K, reserved 1048576K
Event: 50.087 GC heap after
Heap after GC invocations=1 (full 0):
 PSYoungGen      total 76288K, used 10745K [0x00000000f5580000, 0x00000000faa80000, 0x0000000100000000)
  eden space 65536K, 0% used [0x00000000f5580000,0x00000000f5580000,0x00000000f9580000)
  from space 10752K, 99% used [0x00000000f9580000,0x00000000f9ffe548,0x00000000fa000000)
  to   space 10752K, 0% used [0x00000000fa000000,0x00000000fa000000,0x00000000faa80000)
 ParOldGen       total 175104K, used 580K [0x00000000e0000000, 0x00000000eab00000, 0x00000000f5580000)
  object space 175104K, 0% used [0x00000000e0000000,0x00000000e00913b8,0x00000000eab00000)
 Metaspace       used 16280K, capacity 16494K, committed 16640K, reserved 1062912K
  class space    used 2223K, capacity 2300K, committed 2304K, reserved 1048576K
}
Event: 84.225 GC heap before
{Heap before GC invocations=2 (full 0):
 PSYoungGen      total 76288K, used 76281K [0x00000000f5580000, 0x00000000faa80000, 0x0000000100000000)
  eden space 65536K, 100% used [0x00000000f5580000,0x00000000f9580000,0x00000000f9580000)
  from space 10752K, 99% used [0x00000000f9580000,0x00000000f9ffe548,0x00000000fa000000)
  to   space 10752K, 0% used [0x00000000fa000000,0x00000000fa000000,0x00000000faa80000)
 ParOldGen       total 175104K, used 580K [0x00000000e0000000, 0x00000000eab00000, 0x00000000f5580000)
  object space 175104K, 0% used [0x00000000e0000000,0x00000000e00913b8,0x00000000eab00000)
 Metaspace       used 17235K, capacity 17516K, committed 17792K, reserved 1064960K
  class space    used 2322K, capacity 2401K, committed 2432K, reserved 1048576K
Event: 84.241 GC heap after
Heap after GC invocations=2 (full 0):
 PSYoungGen      total 76288K, used 10723K [0x00000000f5580000, 0x00000000faa80000, 0x0000000100000000)
  eden space 65536K, 0% used [0x00000000f5580000,0x00000000f5580000,0x00000000f9580000)
  from space 10752K, 99% used [0x00000000fa000000,0x00000000faa78d70,0x00000000faa80000)
  to   space 10752K, 0% used [0x00000000f9580000,0x00000000f9580000,0x00000000fa000000)
 ParOldGen       total 175104K, used 676K [0x00000000e0000000, 0x00000000eab00000, 0x00000000f5580000)
  object space 175104K, 0% used [0x00000000e0000000,0x00000000e00a92d8,0x00000000eab00000)
 Metaspace       used 17235K, capacity 17516K, committed 17792K, reserved 1064960K
  class space    used 2322K, capacity 2401K, committed 2432K, reserved 1048576K
}
Event: 127.109 GC heap before
{Heap before GC invocations=3 (full 0):
 PSYoungGen      total 76288K, used 74531K [0x00000000f5580000, 0x00000000faa80000, 0x0000000100000000)
  eden space 65536K, 97% used [0x00000000f5580000,0x00000000f93d0100,0x00000000f9580000)
  from space 10752K, 99% used [0x00000000fa000000,0x00000000faa78d70,0x00000000faa80000)
  to   space 10752K, 0% used [0x00000000f9580000,0x00000000f9580000,0x00000000fa000000)
 ParOldGen       total 175104K, used 676K [0x00000000e0000000, 0x00000000eab00000, 0x00000000f5580000)
  object space 175104K, 0% used [0x00000000e0000000,0x00000000e00a92d8,0x00000000eab00000)
 Metaspace       used 17805K, capacity 18122K, committed 18432K, reserved 1064960K
  class space    used 2387K, capacity 2470K, committed 2560K, reserved 1048576K
Event: 127.115 GC heap after
Heap after GC invocations=3 (full 0):
 PSYoungGen      total 76288K, used 10747K [0x00000000f5580000, 0x00000000faa80000, 0x0000000100000000)
  eden space 65536K, 0% used [0x00000000f5580000,0x00000000f5580000,0x00000000f9580000)
  from space 10752K, 99% used [0x00000000f9580000,0x00000000f9ffec40,0x00000000fa000000)
  to   space 10752K, 0% used [0x00000000fa000000,0x00000000fa000000,0x00000000faa80000)
 ParOldGen       total 175104K, used 1315K [0x00000000e0000000, 0x00000000eab00000, 0x00000000f5580000)
  object space 175104K, 0% used [0x00000000e0000000,0x00000000e0148eb8,0x00000000eab00000)
 Metaspace       used 17805K, capacity 18122K, committed 18432K, reserved 1064960K
  class space    used 2387K, capacity 2470K, committed 2560K, reserved 1048576K
}

Deoptimization events (10 events):
Event: 143.908 Thread 0x000000004bf19800 Uncommon trap: reason=class_check action=maybe_recompile pc=0x00000000229cc878 method=java.awt.Component.repaintParentIfNeeded(IIII)V @ 11
Event: 153.426 Thread 0x000000004bf19800 Uncommon trap: reason=unstable_if action=reinterpret pc=0x0000000022f75f68 method=java.awt.KeyboardFocusManager.clearMostRecentFocusOwner(Ljava/awt/Component;)V @ 88
Event: 153.444 Thread 0x000000004bf19800 Uncommon trap: reason=unstable_if action=reinterpret pc=0x0000000022dc5c20 method=javax.swing.LayoutComparator.compare(Ljava/awt/Component;Ljava/awt/Component;)I @ 2
Event: 153.448 Thread 0x000000004bf19800 Uncommon trap: reason=unstable_if action=reinterpret pc=0x0000000022b78210 method=java.security.AccessControlContext.combine([Ljava/security/ProtectionDomain;[Ljava/security/ProtectionDomain;)[Ljava/security/ProtectionDomain; @ 39
Event: 153.454 Thread 0x000000004bf19800 Uncommon trap: reason=class_check action=maybe_recompile pc=0x0000000022e64c6c method=java.awt.Component.dispatchEventImpl(Ljava/awt/AWTEvent;)V @ 830
Event: 157.783 Thread 0x000000004bf19800 Uncommon trap: reason=class_check action=maybe_recompile pc=0x0000000022e64c6c method=java.awt.Component.dispatchEventImpl(Ljava/awt/AWTEvent;)V @ 830
Event: 184.280 Thread 0x000000004bf19800 Uncommon trap: reason=class_check action=maybe_recompile pc=0x0000000022e64c6c method=java.awt.Component.dispatchEventImpl(Ljava/awt/AWTEvent;)V @ 830
Event: 184.289 Thread 0x000000004bf19800 Uncommon trap: reason=unstable_if action=reinterpret pc=0x0000000022e64068 method=java.awt.Component.dispatchEventImpl(Ljava/awt/AWTEvent;)V @ 101
Event: 184.289 Thread 0x000000004bf19800 Uncommon trap: reason=unstable_if action=reinterpret pc=0x00000000226ddba8 method=java.awt.EventQueue.setCurrentEventAndMostRecentTimeImpl(Ljava/awt/AWTEvent;)V @ 68
Event: 185.753 Thread 0x000000003e893800 Uncommon trap: reason=unstable_if action=reinterpret pc=0x0000000022fa86ec method=sun.awt.windows.WWindowPeer.preprocessPostEvent(Ljava/awt/AWTEvent;)V @ 4

Internal exceptions (10 events):
Event: 0.184 Thread 0x0000000022248000 Exception <a 'java/lang/NoSuchFieldError': method resolution failed> (0x00000000f599dde8) thrown at [C:\re\workspace\8-2-build-windows-amd64-cygwin\jdk8u121\8372\hotspot\src\share\vm\prims\methodHandles.cpp, line 1146]
Event: 11.418 Thread 0x0000000022248000 Exception <a 'java/io/FileNotFoundException'> (0x00000000f5de9210) thrown at [C:\re\workspace\8-2-build-windows-amd64-cygwin\jdk8u121\8372\hotspot\src\share\vm\prims\jni.cpp, line 709]
Event: 11.454 Thread 0x0000000022248000 Exception <a 'java/io/FileNotFoundException'> (0x00000000f5ff4e88) thrown at [C:\re\workspace\8-2-build-windows-amd64-cygwin\jdk8u121\8372\hotspot\src\share\vm\prims\jni.cpp, line 709]
Event: 27.034 Thread 0x0000000022248000 Implicit null exception at 0x000000002254bf96 to 0x000000002254c345
Event: 49.986 Thread 0x00000000610a7800 Implicit null exception at 0x000000002280cf30 to 0x000000002280cf8b
Event: 53.393 Thread 0x00000000610a7800 Implicit null exception at 0x00000000229c399f to 0x00000000229c475d
Event: 53.418 Thread 0x00000000610a7800 Implicit null exception at 0x00000000229f7195 to 0x00000000229f72d1
Event: 74.287 Thread 0x0000000022248000 Exception <a 'java/security/PrivilegedActionException'> (0x00000000f80a80c8) thrown at [C:\re\workspace\8-2-build-windows-amd64-cygwin\jdk8u121\8372\hotspot\src\share\vm\prims\jvm.cpp, line 1390]
Event: 74.287 Thread 0x0000000022248000 Exception <a 'java/security/PrivilegedActionException'> (0x00000000f80a84c0) thrown at [C:\re\workspace\8-2-build-windows-amd64-cygwin\jdk8u121\8372\hotspot\src\share\vm\prims\jvm.cpp, line 1390]
Event: 133.868 Thread 0x000000004bf19800 Implicit null exception at 0x00000000228e190c to 0x00000000228e1951

Events (10 events):
Event: 211.781 Thread 0x00000000610ad800 Thread added: 0x00000000610ad800
Event: 216.764 Thread 0x000000004bf1b000 Thread exited: 0x000000004bf1b000
Event: 216.765 Thread 0x000000004bf1a800 Thread exited: 0x000000004bf1a800
Event: 216.765 Thread 0x000000004bf1d800 Thread exited: 0x000000004bf1d800
Event: 216.766 Thread 0x000000004bf1c000 Thread exited: 0x000000004bf1c000
Event: 216.767 Thread 0x000000004bf1e000 Thread exited: 0x000000004bf1e000
Event: 216.767 Thread 0x000000004bf1c800 Thread exited: 0x000000004bf1c800
Event: 216.768 Thread 0x000000004bf1f000 Thread exited: 0x000000004bf1f000
Event: 216.769 Thread 0x000000004bf20800 Thread exited: 0x000000004bf20800
Event: 216.770 Thread 0x000000004bf1f800 Thread exited: 0x000000004bf1f800


Dynamic libraries:
0x0000000000400000 - 0x0000000001239000 	C:\Program Files\RStudio\bin\x64\rsession.exe
0x0000000077010000 - 0x00000000771ba000 	C:\WINDOWS\SYSTEM32\ntdll.dll
0x0000000076ef0000 - 0x000000007700f000 	C:\WINDOWS\system32\kernel32.dll
0x000007fefcd90000 - 0x000007fefcdfa000 	C:\WINDOWS\system32\KERNELBASE.dll
0x000007feff230000 - 0x000007feff30b000 	C:\WINDOWS\system32\ADVAPI32.dll
0x000007fefd340000 - 0x000007fefd3df000 	C:\WINDOWS\system32\msvcrt.dll
0x000007fefeb30000 - 0x000007fefeb4f000 	C:\WINDOWS\SYSTEM32\sechost.dll
0x000007fefd680000 - 0x000007fefd7ad000 	C:\WINDOWS\system32\RPCRT4.dll
0x000007fefdd30000 - 0x000007fefdd97000 	C:\WINDOWS\system32\GDI32.dll
0x0000000076df0000 - 0x0000000076eea000 	C:\WINDOWS\system32\USER32.dll
0x000007fefd460000 - 0x000007fefd46e000 	C:\WINDOWS\system32\LPK.dll
0x000007feff140000 - 0x000007feff20a000 	C:\WINDOWS\system32\USP10.dll
0x000007fefd470000 - 0x000007fefd673000 	C:\WINDOWS\system32\ole32.dll
0x000007fefdda0000 - 0x000007fefeb2a000 	C:\WINDOWS\system32\SHELL32.dll
0x000007fefeb50000 - 0x000007fefebc1000 	C:\WINDOWS\system32\SHLWAPI.dll
0x000007fefd410000 - 0x000007fefd45d000 	C:\WINDOWS\system32\WS2_32.dll
0x000007feff310000 - 0x000007feff318000 	C:\WINDOWS\system32\NSI.dll
0x0000000063540000 - 0x00000000635a1000 	C:\Program Files\R\R-3.3.2\bin\x64\Rgraphapp.dll
0x000000006c700000 - 0x000000006e585000 	C:\Program Files\R\R-3.3.2\bin\x64\R.dll
0x0000000064e80000 - 0x0000000064ed3000 	C:\Program Files\R\R-3.3.2\bin\x64\Rblas.dll
0x00000000641c0000 - 0x00000000641d6000 	C:\Program Files\R\R-3.3.2\bin\x64\Riconv.dll
0x000007fefc7a0000 - 0x000007fefc7ac000 	C:\WINDOWS\system32\VERSION.dll
0x000007fef8240000 - 0x000007fef82e0000 	C:\WINDOWS\WinSxS\amd64_microsoft.windows.common-controls_6595b64144ccf1df_5.82.7601.18837_none_a4d981ff711297b6\COMCTL32.dll
0x000007fefebd0000 - 0x000007fefec67000 	C:\WINDOWS\system32\comdlg32.dll
0x000007fefd3e0000 - 0x000007fefd40e000 	C:\WINDOWS\system32\IMM32.dll
0x000007fefd940000 - 0x000007fefda49000 	C:\WINDOWS\system32\MSCTF.dll
0x000007fefabe0000 - 0x000007fefabe7000 	C:\WINDOWS\system32\MSIMG32.dll
0x0000000067d40000 - 0x0000000067d66000 	c:\progra~1\appsense\applic~1\agent\amldra~1.dll
0x0000000067c00000 - 0x0000000067d2c000 	c:\progra~1\appsense\applic~1\agent\AMAppHook.dll
0x00000000771d0000 - 0x00000000771d7000 	C:\WINDOWS\system32\PSAPI.DLL
0x000007fefb8c0000 - 0x000007fefbbde000 	C:\WINDOWS\system32\msi.dll
0x0000000074a90000 - 0x0000000074ac9000 	c:\progra~2\sophos\sophos~1\sophos~2.dll
0x000007fefcbd0000 - 0x000007fefcc0a000 	C:\Program Files\AppSense\Environment Manager\Agent\EmLoader.dll
0x000007fefcd50000 - 0x000007fefcd5f000 	C:\WINDOWS\system32\profapi.dll
0x000007fefcba0000 - 0x000007fefcbaf000 	C:\WINDOWS\system32\CRYPTBASE.dll
0x000007fefaed0000 - 0x000007fefaf26000 	C:\WINDOWS\system32\uxtheme.dll
0x0000000064a40000 - 0x0000000064a53000 	C:\Program Files\R\R-3.3.2\library\methods\libs\x64\methods.dll
0x000000006e5c0000 - 0x000000006e5e9000 	C:\Program Files\R\R-3.3.2\library\utils\libs\x64\utils.dll
0x000000006fc80000 - 0x000000006fd8b000 	C:\Program Files\R\R-3.3.2\library\grDevices\libs\x64\grDevices.dll
0x0000000063740000 - 0x0000000063788000 	C:\Program Files\R\R-3.3.2\library\graphics\libs\x64\graphics.dll
0x0000000071100000 - 0x00000000711a9000 	C:\Program Files\R\R-3.3.2\library\stats\libs\x64\stats.dll
0x0000000009be0000 - 0x0000000009e9f000 	C:\Program Files\R\R-3.3.2\bin\x64\Rlapack.dll
0x000000000db30000 - 0x000000000ef42000 	C:\Program Files\RStudio\bin\rsclang\x86_64\libclang.dll
0x000007feff210000 - 0x000007feff229000 	C:\WINDOWS\system32\imagehlp.dll
0x000000000ef90000 - 0x000000000efaf000 	C:\Program Files\R\R-3.3.2\library\tools\libs\x64\tools.dll
0x0000000065700000 - 0x0000000065a1d000 	C:\PROGRA~1\R\R-33~1.2\modules\x64\internet.dll
0x000007fefda50000 - 0x000007fefdd22000 	C:\WINDOWS\system32\WININET.dll
0x000007fefcee0000 - 0x000007fefcee4000 	C:\WINDOWS\system32\api-ms-win-downlevel-user32-l1-1-0.dll
0x000007fefcef0000 - 0x000007fefcef4000 	C:\WINDOWS\system32\api-ms-win-downlevel-shlwapi-l1-1-0.dll
0x000007fefcd60000 - 0x000007fefcd64000 	C:\WINDOWS\system32\api-ms-win-downlevel-version-l1-1-0.dll
0x000007fefcf20000 - 0x000007fefcf23000 	C:\WINDOWS\system32\api-ms-win-downlevel-normaliz-l1-1-0.dll
0x00000000771e0000 - 0x00000000771e3000 	C:\WINDOWS\system32\normaliz.DLL
0x000007fefec70000 - 0x000007fefef3a000 	C:\WINDOWS\system32\iertutil.dll
0x000007fefcf30000 - 0x000007fefcf35000 	C:\WINDOWS\system32\api-ms-win-downlevel-advapi32-l1-1-0.dll
0x000007fefcf00000 - 0x000007fefcf1f000 	C:\WINDOWS\system32\USERENV.dll
0x000007fef9ab0000 - 0x000007fef9aeb000 	C:\WINDOWS\system32\WINMM.dll
0x000007fefd100000 - 0x000007fefd152000 	C:\WINDOWS\system32\WLDAP32.dll
0x000007fefb5f0000 - 0x000007fefb620000 	C:\ProgramData\Sophos\Web Intelligence\swi_ifslsp_64.dll
0x000007fefc290000 - 0x000007fefc2e5000 	C:\WINDOWS\system32\mswsock.dll
0x000007fefb5d0000 - 0x000007fefb5d7000 	C:\WINDOWS\System32\wshtcpip.dll
0x000007fefcad0000 - 0x000007fefcaf5000 	C:\WINDOWS\system32\SspiCli.dll
0x000007fef8b60000 - 0x000007fef8b78000 	C:\WINDOWS\system32\MPR.dll
0x000007fefcb40000 - 0x000007fefcb97000 	C:\WINDOWS\system32\apphelp.dll
0x0000000066140000 - 0x0000000066162000 	C:\Program Files\R\R-3.3.2\library\foreign\libs\x64\foreign.dll
0x000000006abc0000 - 0x000000006acc0000 	C:\Program Files\R\R-3.3.2\library\Rcpp\libs\x64\Rcpp.dll
0x0000000061c00000 - 0x0000000061cc4000 	C:\Program Files\R\R-3.3.2\library\tibble\libs\x64\tibble.dll
0x0000000067540000 - 0x0000000067636000 	C:\Users\manZ047185\Documents\R\win-library\3.3\haven\libs\x64\haven.dll
0x000000006ed40000 - 0x000000006ed52000 	C:\Program Files\R\R-3.3.2\library\MASS\libs\x64\MASS.dll
0x000000006ea80000 - 0x000000006eaa8000 	C:\Program Files\R\R-3.3.2\library\grid\libs\x64\grid.dll
0x00000000114a0000 - 0x00000000114af000 	C:\Program Files\R\R-3.3.2\library\lattice\libs\x64\lattice.dll
0x000000006b480000 - 0x000000006b490000 	C:\Program Files\R\R-3.3.2\library\nnet\libs\x64\nnet.dll
0x0000000011540000 - 0x0000000011557000 	C:\Program Files\R\R-3.3.2\library\rpart\libs\x64\rpart.dll
0x000000006f7c0000 - 0x000000006f7cf000 	C:\Program Files\R\R-3.3.2\library\splines\libs\x64\splines.dll
0x0000000011df0000 - 0x0000000011ead000 	C:\Program Files\R\R-3.3.2\library\Matrix\libs\x64\Matrix.dll
0x00000000688c0000 - 0x00000000688ec000 	C:\Program Files\R\R-3.3.2\library\survival\libs\x64\survival.dll
0x000000006ae00000 - 0x000000006aeb3000 	C:\Program Files\R\R-3.3.2\library\mice\libs\x64\mice.dll
0x0000000014d60000 - 0x0000000014d77000 	C:\Program Files\R\R-3.3.2\library\colorspace\libs\x64\colorspace.dll
0x0000000069300000 - 0x00000000693d2000 	C:\Program Files\R\R-3.3.2\library\data.table\libs\x64\datatable.dll
0x0000000014e30000 - 0x0000000014e3f000 	C:\Program Files\R\R-3.3.2\library\class\libs\x64\class.dll
0x0000000014e40000 - 0x0000000014e94000 	C:\Users\manZ047185\Documents\R\win-library\3.3\e1071\libs\x64\e1071.dll
0x000000006a100000 - 0x000000006a12e000 	C:\Program Files\R\R-3.3.2\library\robustbase\libs\x64\robustbase.dll
0x000000006c140000 - 0x000000006c152000 	C:\Program Files\R\R-3.3.2\library\sp\libs\x64\sp.dll
0x000000006b1c0000 - 0x000000006b1dc000 	C:\Program Files\R\R-3.3.2\library\nlme\libs\x64\nlme.dll
0x00000000695c0000 - 0x000000006968d000 	C:\Program Files\R\R-3.3.2\library\minqa\libs\x64\minqa.dll
0x000000006fa80000 - 0x000000006fb89000 	C:\Program Files\R\R-3.3.2\library\nloptr\libs\x64\nloptr.dll
0x0000000062000000 - 0x0000000062107000 	C:\Program Files\R\R-3.3.2\library\lme4\libs\x64\lme4.dll
0x0000000062a80000 - 0x0000000062a8e000 	C:\Program Files\R\R-3.3.2\library\parallel\libs\x64\parallel.dll
0x0000000064dc0000 - 0x0000000064e27000 	C:\Program Files\R\R-3.3.2\library\mgcv\libs\x64\mgcv.dll
0x00000000625c0000 - 0x00000000625da000 	C:\Program Files\R\R-3.3.2\library\SparseM\libs\x64\SparseM.dll
0x000000006c180000 - 0x000000006c1e6000 	C:\Program Files\R\R-3.3.2\library\quantreg\libs\x64\quantreg.dll
0x000000006f500000 - 0x000000006f50f000 	C:\Program Files\R\R-3.3.2\library\zoo\libs\x64\zoo.dll
0x0000000065f80000 - 0x0000000065f8e000 	C:\Program Files\R\R-3.3.2\library\lmtest\libs\x64\lmtest.dll
0x0000000068d80000 - 0x0000000068e37000 	C:\Program Files\R\R-3.3.2\library\VIM\libs\x64\VIM.dll
0x0000000066340000 - 0x00000000663f2000 	C:\Program Files\R\R-3.3.2\library\plyr\libs\x64\plyr.dll
0x0000000062dc0000 - 0x0000000062e75000 	C:\Program Files\R\R-3.3.2\library\scales\libs\x64\scales.dll
0x00000000629c0000 - 0x00000000629ce000 	C:\Program Files\R\R-3.3.2\library\lazyeval\libs\x64\lazyeval.dll
0x0000000062840000 - 0x0000000062974000 	C:\Program Files\R\R-3.3.2\library\readr\libs\x64\readr.dll
0x0000000017120000 - 0x0000000017545000 	C:\Program Files\R\R-3.3.2\library\stringi\libs\x64\stringi.dll
0x000000006e680000 - 0x000000006e738000 	C:\Program Files\R\R-3.3.2\library\reshape2\libs\x64\reshape2.dll
0x0000000064080000 - 0x0000000064096000 	C:\Users\manZ047185\Documents\R\win-library\3.3\rJava\libs\x64\rJava.dll
0x000000005aec0000 - 0x000000005b75b000 	C:\Program Files\Java\jre1.8.0_121\bin\server\jvm.dll
0x000007fefa060000 - 0x000007fefa069000 	C:\WINDOWS\system32\WSOCK32.dll
0x00000000654f0000 - 0x00000000655c2000 	C:\WINDOWS\system32\MSVCR100.dll
0x0000000061b00000 - 0x0000000061b18000 	C:\Users\manZ047185\Documents\R\win-library\3.3\JavaGD\libs\x64\JavaGD.dll
0x000000006bd80000 - 0x000000006bdc3000 	C:\Users\manZ047185\Documents\R\win-library\3.3\png\libs\x64\png.dll
0x0000000072320000 - 0x000000007232f000 	C:\Program Files\Java\jre1.8.0_121\bin\verify.dll
0x000000006e780000 - 0x000000006e7a9000 	C:\Program Files\Java\jre1.8.0_121\bin\java.dll
0x000000006eae0000 - 0x000000006eaf6000 	C:\Program Files\Java\jre1.8.0_121\bin\zip.dll
0x0000000063a50000 - 0x0000000063be8000 	C:\Program Files\Java\jre1.8.0_121\bin\awt.dll
0x000007fefefc0000 - 0x000007feff09a000 	C:\WINDOWS\system32\OLEAUT32.dll
0x000007fefa6a0000 - 0x000007fefa6b8000 	C:\WINDOWS\system32\dwmapi.dll
0x0000000070000000 - 0x000000007068f000 	C:\Program Files\R\R-3.3.2\library\mvtnorm\libs\x64\mvtnorm.dll
0x0000000062d80000 - 0x0000000062d97000 	C:\Users\manZ047185\Documents\R\win-library\3.3\rJava\jri\x64\jri.dll
0x000007feff0a0000 - 0x000007feff139000 	C:\WINDOWS\system32\CLBCatQ.DLL
0x000007feef4f0000 - 0x000007feef60d000 	C:\WINDOWS\system32\opengl32.dll
0x000007fef3200000 - 0x000007fef322d000 	C:\WINDOWS\system32\GLU32.dll
0x000007feef0f0000 - 0x000007feef1e1000 	C:\WINDOWS\system32\DDRAW.dll
0x000007fef8370000 - 0x000007fef8378000 	C:\WINDOWS\system32\DCIMAN32.dll
0x000007fefd160000 - 0x000007fefd337000 	C:\WINDOWS\system32\SETUPAPI.dll
0x000007fefcea0000 - 0x000007fefced6000 	C:\WINDOWS\system32\CFGMGR32.dll
0x000007fefcd70000 - 0x000007fefcd8a000 	C:\WINDOWS\system32\DEVOBJ.dll
0x0000000065450000 - 0x0000000065497000 	C:\Program Files\Java\jre1.8.0_121\bin\fontmanager.dll
0x000000006eb40000 - 0x000000006eb5a000 	C:\Program Files\Java\jre1.8.0_121\bin\net.dll
0x000007fefc530000 - 0x000007fefc537000 	C:\WINDOWS\System32\wship6.dll
0x000000006eac0000 - 0x000000006ead1000 	C:\Program Files\Java\jre1.8.0_121\bin\nio.dll
0x000007fefaf30000 - 0x000007fefb124000 	C:\WINDOWS\WinSxS\amd64_microsoft.windows.common-controls_6595b64144ccf1df_6.0.7601.23403_none_e36ad4593102f066\comctl32.dll
0x000007fef3050000 - 0x000007fef31b1000 	C:\WINDOWS\system32\WindowsCodecs.dll
0x000007fef95e0000 - 0x000007fef9615000 	C:\WINDOWS\system32\EhStorShell.dll

VM Arguments:
jvm_args: -Dr.arch=/x64 -Xmx512m -Xrs 
java_command: <unknown>
java_class_path (initial): C:/Users/manZ047185/Documents/R/win-library/3.3/rJava/java/boot
Launcher Type: generic

Environment Variables:
PATH=C:\Program Files\R\R-3.3.2\bin\x64;C:\ProgramData\Oracle\Java\javapath;C:\WINDOWS\system32;C:\WINDOWS;C:\WINDOWS\System32\Wbem;C:\Program Files (x86)\QuickTime\QTSystem\;C:\WINDOWS\System32\WindowsPowerShell\v1.0\;C:\Program Files\SlikSvn\bin;C:\Program Files\Git\cmd;C:\Program Files\MiKTeX 2.9\miktex\bin\x64\;C:\Program Files (x86)\Pandoc\;C:\WINDOWS\System32\WindowsPowerShell\v1.0\;C:/Program Files/Java/jre1.8.0_121/bin/server;C:\Program Files\Java\jre1.8.0_121/bin/server;C:\Program Files\Java\jre1.8.0_121/bin
USERNAME=manZ047185
DISPLAY=:0
OS=Windows_NT
PROCESSOR_IDENTIFIER=Intel64 Family 6 Model 94 Stepping 3, GenuineIntel



---------------  S Y S T E M  ---------------

OS: Windows 7 , 64 bit Build 7601 (6.1.7601.23572)

CPU:total 8 (4 cores per cpu, 2 threads per core) family 6 model 94 stepping 3, cmov, cx8, fxsr, mmx, sse, sse2, sse3, ssse3, sse4.1, sse4.2, popcnt, avx, avx2, aes, clmul, erms, rtm, 3dnowpref, lzcnt, ht, tsc, tscinvbit, bmi1, bmi2, adx

Memory: 4k page, physical 16654944k(9072320k free), swap 33308028k(24435892k free)

vm_info: Java HotSpot(TM) 64-Bit Server VM (25.121-b13) for windows-amd64 JRE (1.8.0_121-b13), built on Dec 12 2016 18:21:36 by "java_re" with MS VC++ 10.0 (VS2010)

time: Thu Mar 23 15:03:28 2017
elapsed time: 216 seconds (0d 0h 3m 36s)

