#
# A fatal error has been detected by the Java Runtime Environment:
#
#  Internal Error (0xc0000028), pid=29312, tid=0x000000000000357c
#
# JRE version: Java(TM) SE Runtime Environment (8.0_121-b13) (build 1.8.0_121-b13)
# Java VM: Java HotSpot(TM) 64-Bit Server VM (25.121-b13 mixed mode windows-amd64 compressed oops)
# Problematic frame:
# C  [ntdll.dll+0xc8078]
#
# Failed to write core dump. Minidumps are not enabled by default on client versions of Windows
#
# If you would like to submit a bug report, please visit:
#   http://bugreport.java.com/bugreport/crash.jsp
# The crash happened outside the Java Virtual Machine in native code.
# See problematic frame for where to report the bug.
#

---------------  T H R E A D  ---------------

Current thread (0x0000000047a4e000):  JavaThread "Thread-3" [_thread_in_native, id=13692, stack(0x000000004db90000,0x000000004ef90000)]

siginfo: ExceptionCode=0xc0000028

Registers:
RAX=0x0000000000000018, RBX=0x00000000c0000028, RCX=0x000000004ef85950, RDX=0x000000007712e384
RSP=0x000000004ef85890, RBP=0x000000004ef85fb0, RSI=0x000000004ef86530, RDI=0x000000004ef83000
R8 =0x0000000000000000, R9 =0x0000000077010000, R10=0x0000000000000000, R11=0x000000004ef860b0
R12=0x000000004ef85e30, R13=0x000000000263e8b0, R14=0x0000000077027a10, R15=0x000000007714d958
RIP=0x00000000770d8078, EFLAGS=0x0000000000000206

Top of Stack: (sp=0x000000004ef85890)
0x000000004ef85890:   000000004ef858b0 000000004ef85950
0x000000004ef858a0:   0000000000000001 0000000000000000
0x000000004ef858b0:   00000001c0000028 0000000000000000
0x000000004ef858c0:   00000000770d8078 0000000000000000
0x000000004ef858d0:   0000000000000000 0000000000000000
0x000000004ef858e0:   0000000000000000 0000000000000000
0x000000004ef858f0:   00000000083e0bb0 00000000003377e0
0x000000004ef85900:   00000000091d1a20 000007fefd341301
0x000000004ef85910:   0000000000000000 0000000000000000
0x000000004ef85920:   00000000ffffffff 000007fefd364937
0x000000004ef85930:   000000006e332934 000000006e332935
0x000000004ef85940:   000000006e3b8a1c 0000000000000001
0x000000004ef85950:   0000000000000000 0000000000000000
0x000000004ef85960:   000000004ef85a90 000000006c9266e0
0x000000004ef85970:   000000006e332934 0000000000000000
0x000000004ef85980:   00001fa00010000f 0053002b002b0033 

Instructions: (pc=0x00000000770d8078)
0x00000000770d8058:   90 90 90 90 90 90 90 90 ff f3 48 81 ec 90 05 00
0x00000000770d8068:   00 8b d9 48 8d 8c 24 c0 00 00 00 e8 f8 31 f8 ff
0x00000000770d8078:   48 8b 84 24 b8 01 00 00 33 d2 48 89 54 24 28 89
0x00000000770d8088:   54 24 38 89 5c 24 20 48 89 44 24 30 c7 44 24 24 


Register to memory mapping:

RAX=0x0000000000000018 is an unknown value
RBX=0x00000000c0000028 is an unknown value
RCX=0x000000004ef85950 is pointing into the stack for thread: 0x0000000047a4e000
RDX=0x000000007712e384 is an unknown value
RSP=0x000000004ef85890 is pointing into the stack for thread: 0x0000000047a4e000
RBP=0x000000004ef85fb0 is pointing into the stack for thread: 0x0000000047a4e000
RSI=0x000000004ef86530 is pointing into the stack for thread: 0x0000000047a4e000
RDI=0x000000004ef83000 is pointing into the stack for thread: 0x0000000047a4e000
R8 =0x0000000000000000 is an unknown value
R9 =0x0000000077010000 is an unknown value
R10=0x0000000000000000 is an unknown value
R11=0x000000004ef860b0 is pointing into the stack for thread: 0x0000000047a4e000
R12=0x000000004ef85e30 is pointing into the stack for thread: 0x0000000047a4e000
R13=0x000000000263e8b0 is pointing into the stack for thread: 0x000000001dbf8000
R14=0x0000000077027a10 is an unknown value
R15=0x000000007714d958 is an unknown value


Stack: [0x000000004db90000,0x000000004ef90000],  sp=0x000000004ef85890,  free space=20438k
Native frames: (J=compiled Java code, j=interpreted, Vv=VM code, C=native code)
C  [ntdll.dll+0xc8078]
C  [ntdll.dll+0x67eb6]
C  [msvcrt.dll+0xe5d3]
C  [R.dll+0x80127]
C  [R.dll+0xc57a0]
C  [R.dll+0xc4823]
C  [R.dll+0xc5334]
C  [R.dll+0xc5580]
C  [R.dll+0x109444]
C  [R.dll+0xfc106]
C  [R.dll+0xfc75c]
C  [jri.dll+0x1615]
C  0x000000001dd98a77

Java frames: (J=compiled Java code, j=interpreted, Vv=VM code)
j  org.rosuda.JRI.Rengine.rniParse(Ljava/lang/String;I)J+0
j  org.rosuda.REngine.JRI.JRIEngine.parse(Ljava/lang/String;Z)Lorg/rosuda/REngine/REXP;+17
j  org.rosuda.REngine.REngine.parseAndEval(Ljava/lang/String;Lorg/rosuda/REngine/REXP;Z)Lorg/rosuda/REngine/REXP;+3
j  org.rosuda.REngine.REngine.parseAndEval(Ljava/lang/String;)Lorg/rosuda/REngine/REXP;+4
j  org.rosuda.deducer.DefaultRConnector.idleEval(Ljava/lang/String;)Lorg/rosuda/REngine/REXP;+19
j  org.rosuda.deducer.Deducer.idleEval(Ljava/lang/String;)Lorg/rosuda/REngine/REXP;+4
j  org.rosuda.deducer.Deducer.refreshData()V+3
j  org.rosuda.deducer.Deducer$DataRefresher.run()V+6
j  java.lang.Thread.run()V+11
v  ~StubRoutines::call_stub

---------------  P R O C E S S  ---------------

Java Threads: ( => current thread )
  0x000000003a15c000 JavaThread "Thread-40" [_thread_blocked, id=32560, stack(0x000000005b9a0000,0x000000005cda0000)]
  0x000000003a156800 JavaThread "Thread-38" [_thread_blocked, id=5756, stack(0x0000000051790000,0x0000000052b90000)]
  0x000000003a15b000 JavaThread "Thread-37" [_thread_blocked, id=14828, stack(0x0000000052b90000,0x0000000053f90000)]
  0x000000003a15f000 JavaThread "Thread-36" [_thread_blocked, id=9200, stack(0x0000000074ad0000,0x0000000075ed0000)]
  0x000000003a15e000 JavaThread "Thread-35" [_thread_blocked, id=36044, stack(0x0000000072360000,0x0000000073760000)]
  0x000000003a158000 JavaThread "Thread-34" [_thread_blocked, id=35436, stack(0x000000005f5a0000,0x00000000609a0000)]
  0x000000003a15a800 JavaThread "Thread-30" [_thread_blocked, id=8144, stack(0x000000004c790000,0x000000004db90000)]
  0x000000003a157800 JavaThread "TimerQueue" daemon [_thread_blocked, id=6096, stack(0x000000005a5a0000,0x000000005b9a0000)]
=>0x0000000047a4e000 JavaThread "Thread-3" [_thread_in_native, id=13692, stack(0x000000004db90000,0x000000004ef90000)]
  0x0000000047a0e000 JavaThread "AWT-Windows" daemon [_thread_in_native, id=18380, stack(0x000000004a940000,0x000000004bd40000)]
  0x0000000047a08800 JavaThread "Java2D Disposer" daemon [_thread_blocked, id=18036, stack(0x0000000048140000,0x0000000049540000)]
  0x000000003a111000 JavaThread "Service Thread" daemon [_thread_blocked, id=15224, stack(0x0000000045140000,0x0000000046540000)]
  0x000000003a094000 JavaThread "C1 CompilerThread3" daemon [_thread_blocked, id=35172, stack(0x0000000043d40000,0x0000000045140000)]
  0x000000003a085800 JavaThread "C2 CompilerThread2" daemon [_thread_blocked, id=19380, stack(0x0000000042940000,0x0000000043d40000)]
  0x000000003a07c800 JavaThread "C2 CompilerThread1" daemon [_thread_blocked, id=35916, stack(0x0000000041440000,0x0000000042840000)]
  0x000000003a078800 JavaThread "C2 CompilerThread0" daemon [_thread_blocked, id=6796, stack(0x0000000040040000,0x0000000041440000)]
  0x000000003a073800 JavaThread "Attach Listener" daemon [_thread_blocked, id=24736, stack(0x000000003ec40000,0x0000000040040000)]
  0x00000000369ff000 JavaThread "Finalizer" daemon [_thread_blocked, id=34740, stack(0x000000003d770000,0x000000003eb70000)]
  0x00000000369f8800 JavaThread "Reference Handler" daemon [_thread_blocked, id=12568, stack(0x000000003c370000,0x000000003d770000)]
  0x000000001dbf8000 JavaThread "main" [_thread_in_native, id=28292, stack(0x0000000001240000,0x0000000002640000)]

Other Threads:
  0x000000003a022800 VMThread [stack: 0x000000003af70000,0x000000003c370000] [id=7836]
  0x000000003a118000 WatcherThread [stack: 0x0000000046540000,0x0000000047940000] [id=28560]

VM state:not at safepoint (normal execution)

VM Mutex/Monitor currently owned by a thread: None

Heap:
 PSYoungGen      total 76288K, used 34437K [0x00000000f5580000, 0x00000000faa80000, 0x0000000100000000)
  eden space 65536K, 36% used [0x00000000f5580000,0x00000000f6cf9c58,0x00000000f9580000)
  from space 10752K, 96% used [0x00000000f9580000,0x00000000f9fa7a90,0x00000000fa000000)
  to   space 10752K, 0% used [0x00000000fa000000,0x00000000fa000000,0x00000000faa80000)
 ParOldGen       total 175104K, used 96K [0x00000000e0000000, 0x00000000eab00000, 0x00000000f5580000)
  object space 175104K, 0% used [0x00000000e0000000,0x00000000e0018010,0x00000000eab00000)
 Metaspace       used 17250K, capacity 17556K, committed 17664K, reserved 1064960K
  class space    used 2373K, capacity 2461K, committed 2560K, reserved 1048576K

Card table byte_map: [0x000000002d140000,0x000000002d250000] byte_map_base: 0x000000002ca40000

Marking Bits: (ParMarkBitMap*) 0x000000001dacb6d0
 Begin Bits: [0x0000000038300000, 0x0000000038b00000)
 End Bits:   [0x0000000038b00000, 0x0000000039300000)

Polling page: 0x000000001dd50000

CodeCache: size=245760Kb used=7926Kb max_used=8070Kb free=237833Kb
 bounds [0x000000001dd80000, 0x000000001e590000, 0x000000002cd80000]
 total_blobs=2831 nmethods=2320 adapters=421
 compilation: enabled

Compilation events (10 events):
Event: 38.911 Thread 0x000000003a094000 2655       3       java.lang.StrictMath::floorOrCeil (128 bytes)
Event: 38.912 Thread 0x000000003a094000 nmethod 2655 0x000000001e19a690 code [0x000000001e19a800, 0x000000001e19ac90]
Event: 38.913 Thread 0x000000003a094000 2656       3       javax.swing.RepaintManager::updateWindows (161 bytes)
Event: 38.916 Thread 0x000000003a094000 nmethod 2656 0x000000001e2c8850 code [0x000000001e2c8c20, 0x000000001e2cb128]
Event: 39.496 Thread 0x000000003a094000 2657   !   3       java.awt.KeyboardFocusManager::retargetFocusEvent (244 bytes)
Event: 39.499 Thread 0x000000003a094000 nmethod 2657 0x000000001e350b10 code [0x000000001e350f80, 0x000000001e353ed8]
Event: 39.928 Thread 0x000000003a094000 2658   !   3       java.awt.Frame::getExtendedState (19 bytes)
Event: 39.929 Thread 0x000000003a094000 nmethod 2658 0x000000001e1ad450 code [0x000000001e1ad5c0, 0x000000001e1ad930]
Event: 39.929 Thread 0x000000003a094000 2659       1       sun.util.locale.BaseLocale$Key::hashCode (5 bytes)
Event: 39.929 Thread 0x000000003a094000 nmethod 2659 0x000000001e2c8510 code [0x000000001e2c8660, 0x000000001e2c8770]

GC Heap History (2 events):
Event: 28.108 GC heap before
{Heap before GC invocations=1 (full 0):
 PSYoungGen      total 76288K, used 65536K [0x00000000f5580000, 0x00000000faa80000, 0x0000000100000000)
  eden space 65536K, 100% used [0x00000000f5580000,0x00000000f9580000,0x00000000f9580000)
  from space 10752K, 0% used [0x00000000fa000000,0x00000000fa000000,0x00000000faa80000)
  to   space 10752K, 0% used [0x00000000f9580000,0x00000000f9580000,0x00000000fa000000)
 ParOldGen       total 175104K, used 0K [0x00000000e0000000, 0x00000000eab00000, 0x00000000f5580000)
  object space 175104K, 0% used [0x00000000e0000000,0x00000000e0000000,0x00000000eab00000)
 Metaspace       used 16240K, capacity 16526K, committed 16768K, reserved 1062912K
  class space    used 2242K, capacity 2332K, committed 2432K, reserved 1048576K
Event: 28.114 GC heap after
Heap after GC invocations=1 (full 0):
 PSYoungGen      total 76288K, used 10398K [0x00000000f5580000, 0x00000000faa80000, 0x0000000100000000)
  eden space 65536K, 0% used [0x00000000f5580000,0x00000000f5580000,0x00000000f9580000)
  from space 10752K, 96% used [0x00000000f9580000,0x00000000f9fa7a90,0x00000000fa000000)
  to   space 10752K, 0% used [0x00000000fa000000,0x00000000fa000000,0x00000000faa80000)
 ParOldGen       total 175104K, used 96K [0x00000000e0000000, 0x00000000eab00000, 0x00000000f5580000)
  object space 175104K, 0% used [0x00000000e0000000,0x00000000e0018010,0x00000000eab00000)
 Metaspace       used 16240K, capacity 16526K, committed 16768K, reserved 1062912K
  class space    used 2242K, capacity 2332K, committed 2432K, reserved 1048576K
}

Deoptimization events (10 events):
Event: 33.177 Thread 0x000000003a159000 Uncommon trap: reason=unstable_if action=reinterpret pc=0x000000001e0d1208 method=java.awt.font.FontRenderContext.equals(Ljava/awt/font/FontRenderContext;)Z @ 35
Event: 33.559 Thread 0x000000004a285800 Uncommon trap: reason=unstable_if action=reinterpret pc=0x000000001e40ee28 method=java.security.AccessControlContext.combine([Ljava/security/ProtectionDomain;[Ljava/security/ProtectionDomain;)[Ljava/security/ProtectionDomain; @ 151
Event: 33.650 Thread 0x000000004a285800 Uncommon trap: reason=unstable_if action=reinterpret pc=0x000000001e53c2f8 method=java.awt.EventQueue.postEvent(Ljava/awt/AWTEvent;I)V @ 6
Event: 34.219 Thread 0x000000004a285800 Uncommon trap: reason=bimorphic action=maybe_recompile pc=0x000000001e504888 method=sun.java2d.SunGraphics2D.fillRect(IIII)V @ 10
Event: 34.220 Thread 0x000000004a285800 Uncommon trap: reason=bimorphic action=maybe_recompile pc=0x000000001e504888 method=sun.java2d.SunGraphics2D.fillRect(IIII)V @ 10
Event: 34.236 Thread 0x000000004a285800 Uncommon trap: reason=bimorphic action=maybe_recompile pc=0x000000001e504888 method=sun.java2d.SunGraphics2D.fillRect(IIII)V @ 10
Event: 34.236 Thread 0x000000004a285800 Uncommon trap: reason=bimorphic action=maybe_recompile pc=0x000000001e504888 method=sun.java2d.SunGraphics2D.fillRect(IIII)V @ 10
Event: 38.656 Thread 0x000000004a285800 Uncommon trap: reason=class_check action=maybe_recompile pc=0x000000001e399afc method=java.awt.Component.getBackground()Ljava/awt/Color; @ 21
Event: 39.929 Thread 0x000000004a285800 Uncommon trap: reason=unstable_if action=reinterpret pc=0x000000001e4aece0 method=java.util.IdentityHashMap.isEmpty()Z @ 4
Event: 39.929 Thread 0x0000000047a0e000 Uncommon trap: reason=unstable_if action=reinterpret pc=0x000000001e4f3c74 method=java.util.IdentityHashMap.isEmpty()Z @ 4

Internal exceptions (10 events):
Event: 0.244 Thread 0x000000001dbf8000 Exception <a 'java/security/PrivilegedActionException'> (0x00000000f58c02e0) thrown at [C:\re\workspace\8-2-build-windows-amd64-cygwin\jdk8u121\8372\hotspot\src\share\vm\prims\jvm.cpp, line 1390]
Event: 0.244 Thread 0x000000001dbf8000 Exception <a 'java/security/PrivilegedActionException'> (0x00000000f58c04f0) thrown at [C:\re\workspace\8-2-build-windows-amd64-cygwin\jdk8u121\8372\hotspot\src\share\vm\prims\jvm.cpp, line 1390]
Event: 0.248 Thread 0x000000001dbf8000 Exception <a 'java/io/FileNotFoundException'> (0x00000000f58c2950) thrown at [C:\re\workspace\8-2-build-windows-amd64-cygwin\jdk8u121\8372\hotspot\src\share\vm\prims\jni.cpp, line 709]
Event: 0.284 Thread 0x000000001dbf8000 Exception <a 'java/lang/NoSuchFieldError': method resolution failed> (0x00000000f598fb18) thrown at [C:\re\workspace\8-2-build-windows-amd64-cygwin\jdk8u121\8372\hotspot\src\share\vm\prims\methodHandles.cpp, line 1146]
Event: 0.285 Thread 0x000000001dbf8000 Exception <a 'java/lang/NoSuchFieldError': method resolution failed> (0x00000000f599cee8) thrown at [C:\re\workspace\8-2-build-windows-amd64-cygwin\jdk8u121\8372\hotspot\src\share\vm\prims\methodHandles.cpp, line 1146]
Event: 17.543 Thread 0x000000001dbf8000 Exception <a 'java/io/FileNotFoundException'> (0x00000000f5de92d8) thrown at [C:\re\workspace\8-2-build-windows-amd64-cygwin\jdk8u121\8372\hotspot\src\share\vm\prims\jni.cpp, line 709]
Event: 17.605 Thread 0x000000001dbf8000 Exception <a 'java/io/FileNotFoundException'> (0x00000000f5ff4ea0) thrown at [C:\re\workspace\8-2-build-windows-amd64-cygwin\jdk8u121\8372\hotspot\src\share\vm\prims\jni.cpp, line 709]
Event: 20.300 Thread 0x000000001dbf8000 Implicit null exception at 0x000000001df709d7 to 0x000000001df70de5
Event: 27.991 Thread 0x000000004a285800 Implicit null exception at 0x000000001e245c70 to 0x000000001e245ccb
Event: 30.813 Thread 0x000000004a285800 Implicit null exception at 0x000000001e39b115 to 0x000000001e39b251

Events (10 events):
Event: 40.121 Executing VM operation: RevokeBias
Event: 40.121 Executing VM operation: RevokeBias done
Event: 40.122 Thread 0x000000003a15c800 Thread exited: 0x000000003a15c800
Event: 41.236 loading class sun/awt/AppContext$PostShutdownEventRunnable
Event: 41.239 loading class sun/awt/AppContext$PostShutdownEventRunnable done
Event: 41.239 loading class sun/awt/AWTAutoShutdown$1
Event: 41.239 loading class sun/awt/AWTAutoShutdown$1 done
Event: 41.239 Thread 0x0000000047a50000 Thread exited: 0x0000000047a50000
Event: 41.239 Thread 0x000000004a285800 Thread exited: 0x000000004a285800
Event: 42.624 Thread 0x000000003a15d800 Thread exited: 0x000000003a15d800


Dynamic libraries:
0x0000000000400000 - 0x0000000001239000 	C:\Program Files\RStudio\bin\x64\rsession.exe
0x0000000077010000 - 0x00000000771ba000 	C:\WINDOWS\SYSTEM32\ntdll.dll
0x0000000076ef0000 - 0x000000007700f000 	C:\WINDOWS\system32\kernel32.dll
0x000007fefcd90000 - 0x000007fefcdfa000 	C:\WINDOWS\system32\KERNELBASE.dll
0x000007feff230000 - 0x000007feff30b000 	C:\WINDOWS\system32\ADVAPI32.dll
0x000007fefd340000 - 0x000007fefd3df000 	C:\WINDOWS\system32\msvcrt.dll
0x000007fefeb30000 - 0x000007fefeb4f000 	C:\WINDOWS\SYSTEM32\sechost.dll
0x000007fefd680000 - 0x000007fefd7ad000 	C:\WINDOWS\system32\RPCRT4.dll
0x000007fefdd30000 - 0x000007fefdd97000 	C:\WINDOWS\system32\GDI32.dll
0x0000000076df0000 - 0x0000000076eea000 	C:\WINDOWS\system32\USER32.dll
0x000007fefd460000 - 0x000007fefd46e000 	C:\WINDOWS\system32\LPK.dll
0x000007feff140000 - 0x000007feff20a000 	C:\WINDOWS\system32\USP10.dll
0x000007fefd470000 - 0x000007fefd673000 	C:\WINDOWS\system32\ole32.dll
0x000007fefdda0000 - 0x000007fefeb2a000 	C:\WINDOWS\system32\SHELL32.dll
0x000007fefeb50000 - 0x000007fefebc1000 	C:\WINDOWS\system32\SHLWAPI.dll
0x000007fefd410000 - 0x000007fefd45d000 	C:\WINDOWS\system32\WS2_32.dll
0x000007feff310000 - 0x000007feff318000 	C:\WINDOWS\system32\NSI.dll
0x0000000063540000 - 0x00000000635a1000 	C:\Program Files\R\R-3.3.2\bin\x64\Rgraphapp.dll
0x000000006c700000 - 0x000000006e585000 	C:\Program Files\R\R-3.3.2\bin\x64\R.dll
0x0000000064e80000 - 0x0000000064ed3000 	C:\Program Files\R\R-3.3.2\bin\x64\Rblas.dll
0x00000000641c0000 - 0x00000000641d6000 	C:\Program Files\R\R-3.3.2\bin\x64\Riconv.dll
0x000007fefc7a0000 - 0x000007fefc7ac000 	C:\WINDOWS\system32\VERSION.dll
0x000007fef8240000 - 0x000007fef82e0000 	C:\WINDOWS\WinSxS\amd64_microsoft.windows.common-controls_6595b64144ccf1df_5.82.7601.18837_none_a4d981ff711297b6\COMCTL32.dll
0x000007fefebd0000 - 0x000007fefec67000 	C:\WINDOWS\system32\comdlg32.dll
0x000007fefd3e0000 - 0x000007fefd40e000 	C:\WINDOWS\system32\IMM32.dll
0x000007fefd940000 - 0x000007fefda49000 	C:\WINDOWS\system32\MSCTF.dll
0x000007fefabe0000 - 0x000007fefabe7000 	C:\WINDOWS\system32\MSIMG32.dll
0x0000000067d40000 - 0x0000000067d66000 	c:\progra~1\appsense\applic~1\agent\amldra~1.dll
0x0000000067c00000 - 0x0000000067d2c000 	c:\progra~1\appsense\applic~1\agent\AMAppHook.dll
0x00000000771d0000 - 0x00000000771d7000 	C:\WINDOWS\system32\PSAPI.DLL
0x000007fefb8c0000 - 0x000007fefbbde000 	C:\WINDOWS\system32\msi.dll
0x0000000074a90000 - 0x0000000074ac9000 	c:\progra~2\sophos\sophos~1\sophos~2.dll
0x000007fefcbd0000 - 0x000007fefcc0a000 	C:\Program Files\AppSense\Environment Manager\Agent\EmLoader.dll
0x000007fefcd50000 - 0x000007fefcd5f000 	C:\WINDOWS\system32\profapi.dll
0x000007fefcba0000 - 0x000007fefcbaf000 	C:\WINDOWS\system32\CRYPTBASE.dll
0x000007fefaed0000 - 0x000007fefaf26000 	C:\WINDOWS\system32\uxtheme.dll
0x0000000064a40000 - 0x0000000064a53000 	C:\Program Files\R\R-3.3.2\library\methods\libs\x64\methods.dll
0x000000006e5c0000 - 0x000000006e5e9000 	C:\Program Files\R\R-3.3.2\library\utils\libs\x64\utils.dll
0x000000006fc80000 - 0x000000006fd8b000 	C:\Program Files\R\R-3.3.2\library\grDevices\libs\x64\grDevices.dll
0x0000000063740000 - 0x0000000063788000 	C:\Program Files\R\R-3.3.2\library\graphics\libs\x64\graphics.dll
0x0000000071100000 - 0x00000000711a9000 	C:\Program Files\R\R-3.3.2\library\stats\libs\x64\stats.dll
0x0000000009be0000 - 0x0000000009e9f000 	C:\Program Files\R\R-3.3.2\bin\x64\Rlapack.dll
0x000000000db30000 - 0x000000000ef42000 	C:\Program Files\RStudio\bin\rsclang\x86_64\libclang.dll
0x000007feff210000 - 0x000007feff229000 	C:\WINDOWS\system32\imagehlp.dll
0x000000000ef90000 - 0x000000000efaf000 	C:\Program Files\R\R-3.3.2\library\tools\libs\x64\tools.dll
0x0000000065700000 - 0x0000000065a1d000 	C:\PROGRA~1\R\R-33~1.2\modules\x64\internet.dll
0x000007fefda50000 - 0x000007fefdd22000 	C:\WINDOWS\system32\WININET.dll
0x000007fefcee0000 - 0x000007fefcee4000 	C:\WINDOWS\system32\api-ms-win-downlevel-user32-l1-1-0.dll
0x000007fefcef0000 - 0x000007fefcef4000 	C:\WINDOWS\system32\api-ms-win-downlevel-shlwapi-l1-1-0.dll
0x000007fefcd60000 - 0x000007fefcd64000 	C:\WINDOWS\system32\api-ms-win-downlevel-version-l1-1-0.dll
0x000007fefcf20000 - 0x000007fefcf23000 	C:\WINDOWS\system32\api-ms-win-downlevel-normaliz-l1-1-0.dll
0x00000000771e0000 - 0x00000000771e3000 	C:\WINDOWS\system32\normaliz.DLL
0x000007fefec70000 - 0x000007fefef3a000 	C:\WINDOWS\system32\iertutil.dll
0x000007fefcf30000 - 0x000007fefcf35000 	C:\WINDOWS\system32\api-ms-win-downlevel-advapi32-l1-1-0.dll
0x000007fefcf00000 - 0x000007fefcf1f000 	C:\WINDOWS\system32\USERENV.dll
0x000007fef9ab0000 - 0x000007fef9aeb000 	C:\WINDOWS\system32\WINMM.dll
0x000007fefd100000 - 0x000007fefd152000 	C:\WINDOWS\system32\WLDAP32.dll
0x000007fefb5f0000 - 0x000007fefb620000 	C:\ProgramData\Sophos\Web Intelligence\swi_ifslsp_64.dll
0x000007fefc290000 - 0x000007fefc2e5000 	C:\WINDOWS\system32\mswsock.dll
0x000007fefb5d0000 - 0x000007fefb5d7000 	C:\WINDOWS\System32\wshtcpip.dll
0x000007fefcad0000 - 0x000007fefcaf5000 	C:\WINDOWS\system32\SspiCli.dll
0x000007fef8b60000 - 0x000007fef8b78000 	C:\WINDOWS\system32\MPR.dll
0x000007fefcb40000 - 0x000007fefcb97000 	C:\WINDOWS\system32\apphelp.dll
0x0000000066140000 - 0x0000000066162000 	C:\Program Files\R\R-3.3.2\library\foreign\libs\x64\foreign.dll
0x000000006abc0000 - 0x000000006acc0000 	C:\Program Files\R\R-3.3.2\library\Rcpp\libs\x64\Rcpp.dll
0x0000000061c00000 - 0x0000000061cc4000 	C:\Program Files\R\R-3.3.2\library\tibble\libs\x64\tibble.dll
0x0000000067540000 - 0x0000000067636000 	C:\Users\manZ047185\Documents\R\win-library\3.3\haven\libs\x64\haven.dll
0x0000000062840000 - 0x0000000062974000 	C:\Program Files\R\R-3.3.2\library\readr\libs\x64\readr.dll
0x000000006ed40000 - 0x000000006ed52000 	C:\Program Files\R\R-3.3.2\library\MASS\libs\x64\MASS.dll
0x000000006ea80000 - 0x000000006eaa8000 	C:\Program Files\R\R-3.3.2\library\grid\libs\x64\grid.dll
0x0000000011ce0000 - 0x0000000011cef000 	C:\Program Files\R\R-3.3.2\library\lattice\libs\x64\lattice.dll
0x000000006b480000 - 0x000000006b490000 	C:\Program Files\R\R-3.3.2\library\nnet\libs\x64\nnet.dll
0x0000000011cf0000 - 0x0000000011d07000 	C:\Program Files\R\R-3.3.2\library\rpart\libs\x64\rpart.dll
0x000000006f7c0000 - 0x000000006f7cf000 	C:\Program Files\R\R-3.3.2\library\splines\libs\x64\splines.dll
0x0000000011d10000 - 0x0000000011dcd000 	C:\Program Files\R\R-3.3.2\library\Matrix\libs\x64\Matrix.dll
0x00000000688c0000 - 0x00000000688ec000 	C:\Program Files\R\R-3.3.2\library\survival\libs\x64\survival.dll
0x000000006ae00000 - 0x000000006aeb3000 	C:\Program Files\R\R-3.3.2\library\mice\libs\x64\mice.dll
0x00000000150a0000 - 0x00000000150b7000 	C:\Program Files\R\R-3.3.2\library\colorspace\libs\x64\colorspace.dll
0x0000000069300000 - 0x00000000693d2000 	C:\Program Files\R\R-3.3.2\library\data.table\libs\x64\datatable.dll
0x00000000150c0000 - 0x00000000150cf000 	C:\Program Files\R\R-3.3.2\library\class\libs\x64\class.dll
0x00000000150d0000 - 0x0000000015124000 	C:\Users\manZ047185\Documents\R\win-library\3.3\e1071\libs\x64\e1071.dll
0x000000006a100000 - 0x000000006a12e000 	C:\Program Files\R\R-3.3.2\library\robustbase\libs\x64\robustbase.dll
0x000000006c140000 - 0x000000006c152000 	C:\Program Files\R\R-3.3.2\library\sp\libs\x64\sp.dll
0x000000006b1c0000 - 0x000000006b1dc000 	C:\Program Files\R\R-3.3.2\library\nlme\libs\x64\nlme.dll
0x00000000695c0000 - 0x000000006968d000 	C:\Program Files\R\R-3.3.2\library\minqa\libs\x64\minqa.dll
0x000000006fa80000 - 0x000000006fb89000 	C:\Program Files\R\R-3.3.2\library\nloptr\libs\x64\nloptr.dll
0x0000000062000000 - 0x0000000062107000 	C:\Program Files\R\R-3.3.2\library\lme4\libs\x64\lme4.dll
0x0000000062a80000 - 0x0000000062a8e000 	C:\Program Files\R\R-3.3.2\library\parallel\libs\x64\parallel.dll
0x0000000064dc0000 - 0x0000000064e27000 	C:\Program Files\R\R-3.3.2\library\mgcv\libs\x64\mgcv.dll
0x00000000625c0000 - 0x00000000625da000 	C:\Program Files\R\R-3.3.2\library\SparseM\libs\x64\SparseM.dll
0x000000006c180000 - 0x000000006c1e6000 	C:\Program Files\R\R-3.3.2\library\quantreg\libs\x64\quantreg.dll
0x000000006f500000 - 0x000000006f50f000 	C:\Program Files\R\R-3.3.2\library\zoo\libs\x64\zoo.dll
0x0000000065f80000 - 0x0000000065f8e000 	C:\Program Files\R\R-3.3.2\library\lmtest\libs\x64\lmtest.dll
0x0000000068d80000 - 0x0000000068e37000 	C:\Program Files\R\R-3.3.2\library\VIM\libs\x64\VIM.dll
0x0000000063fc0000 - 0x0000000063fd7000 	C:\PROGRA~1\R\R-33~1.2\modules\x64\lapack.dll
0x0000000064080000 - 0x0000000064096000 	C:\Users\manZ047185\Documents\R\win-library\3.3\rJava\libs\x64\rJava.dll
0x000000001d2b0000 - 0x000000001db4b000 	C:\Program Files\Java\jre1.8.0_121\bin\server\jvm.dll
0x000007fefa060000 - 0x000007fefa069000 	C:\WINDOWS\system32\WSOCK32.dll
0x00000000654f0000 - 0x00000000655c2000 	C:\WINDOWS\system32\MSVCR100.dll
0x0000000061b00000 - 0x0000000061b18000 	C:\Users\manZ047185\Documents\R\win-library\3.3\JavaGD\libs\x64\JavaGD.dll
0x000000006bd80000 - 0x000000006bdc3000 	C:\Users\manZ047185\Documents\R\win-library\3.3\png\libs\x64\png.dll
0x0000000072350000 - 0x000000007235f000 	C:\Program Files\Java\jre1.8.0_121\bin\verify.dll
0x000000006ead0000 - 0x000000006eaf9000 	C:\Program Files\Java\jre1.8.0_121\bin\java.dll
0x000000006eb40000 - 0x000000006eb56000 	C:\Program Files\Java\jre1.8.0_121\bin\zip.dll
0x00000000631b0000 - 0x0000000063348000 	C:\Program Files\Java\jre1.8.0_121\bin\awt.dll
0x000007fefefc0000 - 0x000007feff09a000 	C:\WINDOWS\system32\OLEAUT32.dll
0x000007fefa6a0000 - 0x000007fefa6b8000 	C:\WINDOWS\system32\dwmapi.dll
0x0000000066340000 - 0x00000000663f2000 	C:\Program Files\R\R-3.3.2\library\plyr\libs\x64\plyr.dll
0x0000000062dc0000 - 0x0000000062e75000 	C:\Program Files\R\R-3.3.2\library\scales\libs\x64\scales.dll
0x00000000629c0000 - 0x00000000629ce000 	C:\Program Files\R\R-3.3.2\library\lazyeval\libs\x64\lazyeval.dll
0x0000000070000000 - 0x000000007068f000 	C:\Program Files\R\R-3.3.2\library\mvtnorm\libs\x64\mvtnorm.dll
0x0000000062d80000 - 0x0000000062d97000 	C:\Users\manZ047185\Documents\R\win-library\3.3\rJava\jri\x64\jri.dll
0x000007feff0a0000 - 0x000007feff139000 	C:\WINDOWS\system32\CLBCatQ.DLL
0x000007feef4f0000 - 0x000007feef60d000 	C:\WINDOWS\system32\opengl32.dll
0x000007fef3200000 - 0x000007fef322d000 	C:\WINDOWS\system32\GLU32.dll
0x000007feef0f0000 - 0x000007feef1e1000 	C:\WINDOWS\system32\DDRAW.dll
0x000007fef8370000 - 0x000007fef8378000 	C:\WINDOWS\system32\DCIMAN32.dll
0x000007fefd160000 - 0x000007fefd337000 	C:\WINDOWS\system32\SETUPAPI.dll
0x000007fefcea0000 - 0x000007fefced6000 	C:\WINDOWS\system32\CFGMGR32.dll
0x000007fefcd70000 - 0x000007fefcd8a000 	C:\WINDOWS\system32\DEVOBJ.dll
0x00000000654a0000 - 0x00000000654e7000 	C:\Program Files\Java\jre1.8.0_121\bin\fontmanager.dll
0x000000006e790000 - 0x000000006e7aa000 	C:\Program Files\Java\jre1.8.0_121\bin\net.dll
0x000007fefc530000 - 0x000007fefc537000 	C:\WINDOWS\System32\wship6.dll
0x00000000664f0000 - 0x0000000066501000 	C:\Program Files\Java\jre1.8.0_121\bin\nio.dll
0x000007fefaf30000 - 0x000007fefb124000 	C:\WINDOWS\WinSxS\amd64_microsoft.windows.common-controls_6595b64144ccf1df_6.0.7601.23403_none_e36ad4593102f066\comctl32.dll
0x000007fef3050000 - 0x000007fef31b1000 	C:\WINDOWS\system32\WindowsCodecs.dll
0x000007fef95e0000 - 0x000007fef9615000 	C:\WINDOWS\system32\EhStorShell.dll
0x000007fefa6c0000 - 0x000007fefa7ec000 	C:\WINDOWS\system32\PROPSYS.dll

VM Arguments:
jvm_args: -Dr.arch=/x64 -Xmx512m -Xrs 
java_command: <unknown>
java_class_path (initial): C:/Users/manZ047185/Documents/R/win-library/3.3/rJava/java/boot
Launcher Type: generic

Environment Variables:
PATH=C:\Program Files\R\R-3.3.2\bin\x64;C:\ProgramData\Oracle\Java\javapath;C:\WINDOWS\system32;C:\WINDOWS;C:\WINDOWS\System32\Wbem;C:\Program Files (x86)\QuickTime\QTSystem\;C:\WINDOWS\System32\WindowsPowerShell\v1.0\;C:\Program Files\SlikSvn\bin;C:\Program Files\Git\cmd;C:\Program Files\MiKTeX 2.9\miktex\bin\x64\;C:\Program Files (x86)\Pandoc\;C:\WINDOWS\System32\WindowsPowerShell\v1.0\;C:/Program Files/Java/jre1.8.0_121/bin/server;C:\Program Files\Java\jre1.8.0_121/bin/server;C:\Program Files\Java\jre1.8.0_121/bin
USERNAME=manZ047185
DISPLAY=:0
OS=Windows_NT
PROCESSOR_IDENTIFIER=Intel64 Family 6 Model 94 Stepping 3, GenuineIntel



---------------  S Y S T E M  ---------------

OS: Windows 7 , 64 bit Build 7601 (6.1.7601.23572)

CPU:total 8 (4 cores per cpu, 2 threads per core) family 6 model 94 stepping 3, cmov, cx8, fxsr, mmx, sse, sse2, sse3, ssse3, sse4.1, sse4.2, popcnt, avx, avx2, aes, clmul, erms, rtm, 3dnowpref, lzcnt, ht, tsc, tscinvbit, bmi1, bmi2, adx

Memory: 4k page, physical 16654944k(10195388k free), swap 33308028k(25608828k free)

vm_info: Java HotSpot(TM) 64-Bit Server VM (25.121-b13) for windows-amd64 JRE (1.8.0_121-b13), built on Dec 12 2016 18:21:36 by "java_re" with MS VC++ 10.0 (VS2010)

time: Thu Mar 23 14:11:04 2017
elapsed time: 42 seconds (0d 0h 0m 42s)

